{"/home/toinhotony/Documents/Projetos/fundilog/fundilog-ui/src/app/app.component.html": {"path":"/home/toinhotony/Documents/Projetos/fundilog/fundilog-ui/src/app/app.component.html","statementMap":{"0":{"start":{"line":1,"column":0},"end":{"line":1,"column":48}}},"fnMap":{},"branchMap":{},"s":{"0":1},"f":{},"b":{},"_coverageSchema":"1a1c01bbd47fc00a2c39e90264f33305004495a9","hash":"1d33a71055c357b707ffd030a9c2b4d171905d41"}
,"/home/toinhotony/Documents/Projetos/fundilog/fundilog-ui/src/app/app.component.ts": {"path":"/home/toinhotony/Documents/Projetos/fundilog/fundilog-ui/src/app/app.component.ts","statementMap":{"0":{"start":{"line":1,"column":0},"end":{"line":1,"column":41}},"1":{"start":{"line":8,"column":25},"end":{"line":10,"column":null}},"2":{"start":{"line":9,"column":2},"end":{"line":9,"column":null}},"3":{"start":{"line":8,"column":13},"end":{"line":10,"column":null}},"4":{"start":{"line":8,"column":13},"end":{"line":8,"column":25}}},"fnMap":{},"branchMap":{},"s":{"0":1,"1":1,"2":3,"3":1,"4":1},"f":{},"b":{}}
}
